2022-02-08T10:34:38,519 [INFO ] W-9002-vgg_1.0-stdout MODEL_LOG - Listening on port: /var/folders/8k/143d3l61349fwzr3qdc4_0b80000gn/T//.ts.sock.9002
2022-02-08T10:34:38,520 [INFO ] W-9003-vgg_1.0-stdout MODEL_LOG - Listening on port: /var/folders/8k/143d3l61349fwzr3qdc4_0b80000gn/T//.ts.sock.9003
2022-02-08T10:34:38,519 [INFO ] W-9000-vgg_1.0-stdout MODEL_LOG - Listening on port: /var/folders/8k/143d3l61349fwzr3qdc4_0b80000gn/T//.ts.sock.9000
2022-02-08T10:34:38,521 [INFO ] W-9001-vgg_1.0-stdout MODEL_LOG - Listening on port: /var/folders/8k/143d3l61349fwzr3qdc4_0b80000gn/T//.ts.sock.9001
2022-02-08T10:34:38,524 [INFO ] W-9002-vgg_1.0-stdout MODEL_LOG - [PID]2390
2022-02-08T10:34:38,524 [INFO ] W-9000-vgg_1.0-stdout MODEL_LOG - [PID]2389
2022-02-08T10:34:38,525 [INFO ] W-9002-vgg_1.0-stdout MODEL_LOG - Torch worker started.
2022-02-08T10:34:38,525 [INFO ] W-9001-vgg_1.0-stdout MODEL_LOG - [PID]2387
2022-02-08T10:34:38,525 [INFO ] W-9002-vgg_1.0-stdout MODEL_LOG - Python runtime: 3.6.3
2022-02-08T10:34:38,526 [INFO ] W-9000-vgg_1.0-stdout MODEL_LOG - Torch worker started.
2022-02-08T10:34:38,526 [INFO ] W-9000-vgg_1.0-stdout MODEL_LOG - Python runtime: 3.6.3
2022-02-08T10:34:38,525 [INFO ] W-9003-vgg_1.0-stdout MODEL_LOG - [PID]2388
2022-02-08T10:34:38,526 [INFO ] W-9001-vgg_1.0-stdout MODEL_LOG - Torch worker started.
2022-02-08T10:34:38,527 [INFO ] W-9003-vgg_1.0-stdout MODEL_LOG - Torch worker started.
2022-02-08T10:34:38,529 [INFO ] W-9001-vgg_1.0-stdout MODEL_LOG - Python runtime: 3.6.3
2022-02-08T10:34:38,529 [INFO ] W-9003-vgg_1.0-stdout MODEL_LOG - Python runtime: 3.6.3
2022-02-08T10:34:38,594 [INFO ] W-9000-vgg_1.0-stdout MODEL_LOG - Connection accepted: /var/folders/8k/143d3l61349fwzr3qdc4_0b80000gn/T//.ts.sock.9000.
2022-02-08T10:34:38,594 [INFO ] W-9002-vgg_1.0-stdout MODEL_LOG - Connection accepted: /var/folders/8k/143d3l61349fwzr3qdc4_0b80000gn/T//.ts.sock.9002.
2022-02-08T10:34:38,595 [INFO ] W-9001-vgg_1.0-stdout MODEL_LOG - Connection accepted: /var/folders/8k/143d3l61349fwzr3qdc4_0b80000gn/T//.ts.sock.9001.
2022-02-08T10:34:38,594 [INFO ] W-9003-vgg_1.0-stdout MODEL_LOG - Connection accepted: /var/folders/8k/143d3l61349fwzr3qdc4_0b80000gn/T//.ts.sock.9003.
2022-02-08T10:34:38,777 [INFO ] W-9003-vgg_1.0-stdout MODEL_LOG - model_name: vgg, batchSize: 1
2022-02-08T10:34:38,777 [INFO ] W-9001-vgg_1.0-stdout MODEL_LOG - model_name: vgg, batchSize: 1
2022-02-08T10:34:38,777 [INFO ] W-9002-vgg_1.0-stdout MODEL_LOG - model_name: vgg, batchSize: 1
2022-02-08T10:34:38,778 [INFO ] W-9000-vgg_1.0-stdout MODEL_LOG - model_name: vgg, batchSize: 1
2022-02-08T10:35:11,442 [INFO ] W-9001-vgg_1.0-stdout MODEL_LOG - Backend received inference at: 1644312908
2022-02-08T10:35:11,824 [INFO ] W-9002-vgg_1.0-stdout MODEL_LOG - Backend received inference at: 1644312911
2022-02-08T10:35:14,503 [INFO ] W-9003-vgg_1.0-stdout MODEL_LOG - Backend received inference at: 1644312914
2022-02-08T10:35:25,622 [INFO ] W-9000-vgg_1.0-stdout MODEL_LOG - Backend received inference at: 1644312925
