2022-02-08T10:34:13,622 [INFO ] main org.pytorch.serve.servingsdk.impl.PluginsManager - Initializing plugins manager...
2022-02-08T10:34:13,622 [INFO ] main org.pytorch.serve.servingsdk.impl.PluginsManager - Initializing plugins manager...
2022-02-08T10:34:14,329 [INFO ] main org.pytorch.serve.ModelServer - 
Torchserve version: 0.5.2
TS Home: /Users/oscarbouvier/anaconda3/lib/python3.6/site-packages
Current directory: /Users/oscarbouvier/dogs-vs-cats
Temp directory: /var/folders/8k/143d3l61349fwzr3qdc4_0b80000gn/T/
Number of GPUs: 0
Number of CPUs: 4
Max heap size: 2048 M
Python executable: /Users/oscarbouvier/anaconda3/bin/python
Config file: serve/config.properties
Inference address: http://0.0.0.0:8080
Management address: http://0.0.0.0:8081
Metrics address: http://0.0.0.0:8082
Model Store: /Users/oscarbouvier/dogs-vs-cats/serve/model-store
Initial Models: vgg=vgg.mar
Log dir: /Users/oscarbouvier/dogs-vs-cats/logs
Metrics dir: /Users/oscarbouvier/dogs-vs-cats/logs
Netty threads: 0
Netty client threads: 0
Default workers per model: 4
Blacklist Regex: N/A
Maximum Response Size: 6553500
Maximum Request Size: 6553500
Limit Maximum Image Pixels: true
Prefer direct buffer: false
Allowed Urls: [file://.*|http(s)?://.*]
Custom python dependency for model allowed: false
Metrics report format: prometheus
Enable metrics API: true
Workflow Store: /Users/oscarbouvier/dogs-vs-cats/serve/model-store
Model config: N/A
2022-02-08T10:34:14,329 [INFO ] main org.pytorch.serve.ModelServer - 
Torchserve version: 0.5.2
TS Home: /Users/oscarbouvier/anaconda3/lib/python3.6/site-packages
Current directory: /Users/oscarbouvier/dogs-vs-cats
Temp directory: /var/folders/8k/143d3l61349fwzr3qdc4_0b80000gn/T/
Number of GPUs: 0
Number of CPUs: 4
Max heap size: 2048 M
Python executable: /Users/oscarbouvier/anaconda3/bin/python
Config file: serve/config.properties
Inference address: http://0.0.0.0:8080
Management address: http://0.0.0.0:8081
Metrics address: http://0.0.0.0:8082
Model Store: /Users/oscarbouvier/dogs-vs-cats/serve/model-store
Initial Models: vgg=vgg.mar
Log dir: /Users/oscarbouvier/dogs-vs-cats/logs
Metrics dir: /Users/oscarbouvier/dogs-vs-cats/logs
Netty threads: 0
Netty client threads: 0
Default workers per model: 4
Blacklist Regex: N/A
Maximum Response Size: 6553500
Maximum Request Size: 6553500
Limit Maximum Image Pixels: true
Prefer direct buffer: false
Allowed Urls: [file://.*|http(s)?://.*]
Custom python dependency for model allowed: false
Metrics report format: prometheus
Enable metrics API: true
Workflow Store: /Users/oscarbouvier/dogs-vs-cats/serve/model-store
Model config: N/A
2022-02-08T10:34:14,393 [INFO ] main org.pytorch.serve.servingsdk.impl.PluginsManager -  Loading snapshot serializer plugin...
2022-02-08T10:34:14,393 [INFO ] main org.pytorch.serve.servingsdk.impl.PluginsManager -  Loading snapshot serializer plugin...
2022-02-08T10:34:14,580 [INFO ] main org.pytorch.serve.ModelServer - Loading initial models: vgg.mar
2022-02-08T10:34:14,580 [INFO ] main org.pytorch.serve.ModelServer - Loading initial models: vgg.mar
2022-02-08T10:34:26,326 [DEBUG] main org.pytorch.serve.wlm.ModelVersionedRefs - Adding new version 1.0 for model vgg
2022-02-08T10:34:26,326 [DEBUG] main org.pytorch.serve.wlm.ModelVersionedRefs - Adding new version 1.0 for model vgg
2022-02-08T10:34:26,327 [DEBUG] main org.pytorch.serve.wlm.ModelVersionedRefs - Setting default version to 1.0 for model vgg
2022-02-08T10:34:26,327 [DEBUG] main org.pytorch.serve.wlm.ModelVersionedRefs - Setting default version to 1.0 for model vgg
2022-02-08T10:34:26,327 [INFO ] main org.pytorch.serve.wlm.ModelManager - Model vgg loaded.
2022-02-08T10:34:26,327 [INFO ] main org.pytorch.serve.wlm.ModelManager - Model vgg loaded.
2022-02-08T10:34:26,328 [DEBUG] main org.pytorch.serve.wlm.ModelManager - updateModel: vgg, count: 4
2022-02-08T10:34:26,328 [DEBUG] main org.pytorch.serve.wlm.ModelManager - updateModel: vgg, count: 4
2022-02-08T10:34:26,423 [DEBUG] W-9001-vgg_1.0 org.pytorch.serve.wlm.WorkerLifeCycle - Worker cmdline: [/Users/oscarbouvier/anaconda3/bin/python, /Users/oscarbouvier/anaconda3/lib/python3.6/site-packages/ts/model_service_worker.py, --sock-type, unix, --sock-name, /var/folders/8k/143d3l61349fwzr3qdc4_0b80000gn/T//.ts.sock.9001]
2022-02-08T10:34:26,423 [DEBUG] W-9003-vgg_1.0 org.pytorch.serve.wlm.WorkerLifeCycle - Worker cmdline: [/Users/oscarbouvier/anaconda3/bin/python, /Users/oscarbouvier/anaconda3/lib/python3.6/site-packages/ts/model_service_worker.py, --sock-type, unix, --sock-name, /var/folders/8k/143d3l61349fwzr3qdc4_0b80000gn/T//.ts.sock.9003]
2022-02-08T10:34:26,423 [DEBUG] W-9000-vgg_1.0 org.pytorch.serve.wlm.WorkerLifeCycle - Worker cmdline: [/Users/oscarbouvier/anaconda3/bin/python, /Users/oscarbouvier/anaconda3/lib/python3.6/site-packages/ts/model_service_worker.py, --sock-type, unix, --sock-name, /var/folders/8k/143d3l61349fwzr3qdc4_0b80000gn/T//.ts.sock.9000]
2022-02-08T10:34:26,423 [DEBUG] W-9002-vgg_1.0 org.pytorch.serve.wlm.WorkerLifeCycle - Worker cmdline: [/Users/oscarbouvier/anaconda3/bin/python, /Users/oscarbouvier/anaconda3/lib/python3.6/site-packages/ts/model_service_worker.py, --sock-type, unix, --sock-name, /var/folders/8k/143d3l61349fwzr3qdc4_0b80000gn/T//.ts.sock.9002]
2022-02-08T10:34:26,423 [DEBUG] W-9001-vgg_1.0 org.pytorch.serve.wlm.WorkerLifeCycle - Worker cmdline: [/Users/oscarbouvier/anaconda3/bin/python, /Users/oscarbouvier/anaconda3/lib/python3.6/site-packages/ts/model_service_worker.py, --sock-type, unix, --sock-name, /var/folders/8k/143d3l61349fwzr3qdc4_0b80000gn/T//.ts.sock.9001]
2022-02-08T10:34:26,423 [DEBUG] W-9002-vgg_1.0 org.pytorch.serve.wlm.WorkerLifeCycle - Worker cmdline: [/Users/oscarbouvier/anaconda3/bin/python, /Users/oscarbouvier/anaconda3/lib/python3.6/site-packages/ts/model_service_worker.py, --sock-type, unix, --sock-name, /var/folders/8k/143d3l61349fwzr3qdc4_0b80000gn/T//.ts.sock.9002]
2022-02-08T10:34:26,423 [DEBUG] W-9003-vgg_1.0 org.pytorch.serve.wlm.WorkerLifeCycle - Worker cmdline: [/Users/oscarbouvier/anaconda3/bin/python, /Users/oscarbouvier/anaconda3/lib/python3.6/site-packages/ts/model_service_worker.py, --sock-type, unix, --sock-name, /var/folders/8k/143d3l61349fwzr3qdc4_0b80000gn/T//.ts.sock.9003]
2022-02-08T10:34:26,423 [DEBUG] W-9000-vgg_1.0 org.pytorch.serve.wlm.WorkerLifeCycle - Worker cmdline: [/Users/oscarbouvier/anaconda3/bin/python, /Users/oscarbouvier/anaconda3/lib/python3.6/site-packages/ts/model_service_worker.py, --sock-type, unix, --sock-name, /var/folders/8k/143d3l61349fwzr3qdc4_0b80000gn/T//.ts.sock.9000]
2022-02-08T10:34:26,455 [INFO ] main org.pytorch.serve.ModelServer - Initialize Inference server with: KQueueServerSocketChannel.
2022-02-08T10:34:26,455 [INFO ] main org.pytorch.serve.ModelServer - Initialize Inference server with: KQueueServerSocketChannel.
2022-02-08T10:34:26,917 [INFO ] main org.pytorch.serve.ModelServer - Inference API bind to: http://0.0.0.0:8080
2022-02-08T10:34:26,917 [INFO ] main org.pytorch.serve.ModelServer - Inference API bind to: http://0.0.0.0:8080
2022-02-08T10:34:26,917 [INFO ] main org.pytorch.serve.ModelServer - Initialize Management server with: KQueueServerSocketChannel.
2022-02-08T10:34:26,917 [INFO ] main org.pytorch.serve.ModelServer - Initialize Management server with: KQueueServerSocketChannel.
2022-02-08T10:34:26,922 [INFO ] main org.pytorch.serve.ModelServer - Management API bind to: http://0.0.0.0:8081
2022-02-08T10:34:26,922 [INFO ] main org.pytorch.serve.ModelServer - Management API bind to: http://0.0.0.0:8081
2022-02-08T10:34:26,925 [INFO ] main org.pytorch.serve.ModelServer - Initialize Metrics server with: KQueueServerSocketChannel.
2022-02-08T10:34:26,925 [INFO ] main org.pytorch.serve.ModelServer - Initialize Metrics server with: KQueueServerSocketChannel.
2022-02-08T10:34:26,926 [INFO ] main org.pytorch.serve.ModelServer - Metrics API bind to: http://0.0.0.0:8082
2022-02-08T10:34:26,926 [INFO ] main org.pytorch.serve.ModelServer - Metrics API bind to: http://0.0.0.0:8082
2022-02-08T10:34:28,336 [WARN ] pool-3-thread-1 org.pytorch.serve.metrics.MetricCollector - worker pid is not available yet.
2022-02-08T10:34:28,336 [WARN ] pool-3-thread-1 org.pytorch.serve.metrics.MetricCollector - worker pid is not available yet.
2022-02-08T10:34:28,513 [INFO ] pool-3-thread-1 TS_METRICS - CPUUtilization.Percent:0.0|#Level:Host|#hostname:macbook-air-de-oscar.home,timestamp:1644312868
2022-02-08T10:34:28,518 [INFO ] pool-3-thread-1 TS_METRICS - DiskAvailable.Gigabytes:0.5964736938476562|#Level:Host|#hostname:macbook-air-de-oscar.home,timestamp:1644312868
2022-02-08T10:34:28,518 [INFO ] pool-3-thread-1 TS_METRICS - DiskUsage.Gigabytes:20.880626678466797|#Level:Host|#hostname:macbook-air-de-oscar.home,timestamp:1644312868
2022-02-08T10:34:28,519 [INFO ] pool-3-thread-1 TS_METRICS - DiskUtilization.Percent:97.2|#Level:Host|#hostname:macbook-air-de-oscar.home,timestamp:1644312868
2022-02-08T10:34:28,520 [INFO ] pool-3-thread-1 TS_METRICS - MemoryAvailable.Megabytes:3028.08203125|#Level:Host|#hostname:macbook-air-de-oscar.home,timestamp:1644312868
2022-02-08T10:34:28,521 [INFO ] pool-3-thread-1 TS_METRICS - MemoryUsed.Megabytes:4274.5234375|#Level:Host|#hostname:macbook-air-de-oscar.home,timestamp:1644312868
2022-02-08T10:34:28,522 [INFO ] pool-3-thread-1 TS_METRICS - MemoryUtilization.Percent:63.0|#Level:Host|#hostname:macbook-air-de-oscar.home,timestamp:1644312868
2022-02-08T10:34:38,519 [INFO ] W-9002-vgg_1.0-stdout MODEL_LOG - Listening on port: /var/folders/8k/143d3l61349fwzr3qdc4_0b80000gn/T//.ts.sock.9002
2022-02-08T10:34:38,519 [INFO ] W-9000-vgg_1.0-stdout MODEL_LOG - Listening on port: /var/folders/8k/143d3l61349fwzr3qdc4_0b80000gn/T//.ts.sock.9000
2022-02-08T10:34:38,520 [INFO ] W-9003-vgg_1.0-stdout MODEL_LOG - Listening on port: /var/folders/8k/143d3l61349fwzr3qdc4_0b80000gn/T//.ts.sock.9003
2022-02-08T10:34:38,521 [INFO ] W-9001-vgg_1.0-stdout MODEL_LOG - Listening on port: /var/folders/8k/143d3l61349fwzr3qdc4_0b80000gn/T//.ts.sock.9001
2022-02-08T10:34:38,524 [INFO ] W-9002-vgg_1.0-stdout MODEL_LOG - [PID]2390
2022-02-08T10:34:38,525 [INFO ] W-9002-vgg_1.0-stdout MODEL_LOG - Torch worker started.
2022-02-08T10:34:38,524 [INFO ] W-9000-vgg_1.0-stdout MODEL_LOG - [PID]2389
2022-02-08T10:34:38,525 [INFO ] W-9001-vgg_1.0-stdout MODEL_LOG - [PID]2387
2022-02-08T10:34:38,526 [INFO ] W-9000-vgg_1.0-stdout MODEL_LOG - Torch worker started.
2022-02-08T10:34:38,526 [INFO ] W-9000-vgg_1.0-stdout MODEL_LOG - Python runtime: 3.6.3
2022-02-08T10:34:38,525 [INFO ] W-9003-vgg_1.0-stdout MODEL_LOG - [PID]2388
2022-02-08T10:34:38,525 [INFO ] W-9002-vgg_1.0-stdout MODEL_LOG - Python runtime: 3.6.3
2022-02-08T10:34:38,527 [DEBUG] W-9002-vgg_1.0 org.pytorch.serve.wlm.WorkerThread - W-9002-vgg_1.0 State change null -> WORKER_STARTED
2022-02-08T10:34:38,527 [DEBUG] W-9001-vgg_1.0 org.pytorch.serve.wlm.WorkerThread - W-9001-vgg_1.0 State change null -> WORKER_STARTED
2022-02-08T10:34:38,527 [DEBUG] W-9000-vgg_1.0 org.pytorch.serve.wlm.WorkerThread - W-9000-vgg_1.0 State change null -> WORKER_STARTED
2022-02-08T10:34:38,527 [DEBUG] W-9002-vgg_1.0 org.pytorch.serve.wlm.WorkerThread - W-9002-vgg_1.0 State change null -> WORKER_STARTED
2022-02-08T10:34:38,527 [DEBUG] W-9000-vgg_1.0 org.pytorch.serve.wlm.WorkerThread - W-9000-vgg_1.0 State change null -> WORKER_STARTED
2022-02-08T10:34:38,527 [DEBUG] W-9001-vgg_1.0 org.pytorch.serve.wlm.WorkerThread - W-9001-vgg_1.0 State change null -> WORKER_STARTED
2022-02-08T10:34:38,527 [INFO ] W-9003-vgg_1.0-stdout MODEL_LOG - Torch worker started.
2022-02-08T10:34:38,526 [INFO ] W-9001-vgg_1.0-stdout MODEL_LOG - Torch worker started.
2022-02-08T10:34:38,528 [DEBUG] W-9003-vgg_1.0 org.pytorch.serve.wlm.WorkerThread - W-9003-vgg_1.0 State change null -> WORKER_STARTED
2022-02-08T10:34:38,529 [INFO ] W-9001-vgg_1.0-stdout MODEL_LOG - Python runtime: 3.6.3
2022-02-08T10:34:38,529 [INFO ] W-9003-vgg_1.0-stdout MODEL_LOG - Python runtime: 3.6.3
2022-02-08T10:34:38,528 [DEBUG] W-9003-vgg_1.0 org.pytorch.serve.wlm.WorkerThread - W-9003-vgg_1.0 State change null -> WORKER_STARTED
2022-02-08T10:34:38,561 [INFO ] W-9002-vgg_1.0 org.pytorch.serve.wlm.WorkerThread - Connecting to: /var/folders/8k/143d3l61349fwzr3qdc4_0b80000gn/T//.ts.sock.9002
2022-02-08T10:34:38,561 [INFO ] W-9001-vgg_1.0 org.pytorch.serve.wlm.WorkerThread - Connecting to: /var/folders/8k/143d3l61349fwzr3qdc4_0b80000gn/T//.ts.sock.9001
2022-02-08T10:34:38,561 [INFO ] W-9001-vgg_1.0 org.pytorch.serve.wlm.WorkerThread - Connecting to: /var/folders/8k/143d3l61349fwzr3qdc4_0b80000gn/T//.ts.sock.9001
2022-02-08T10:34:38,564 [INFO ] W-9003-vgg_1.0 org.pytorch.serve.wlm.WorkerThread - Connecting to: /var/folders/8k/143d3l61349fwzr3qdc4_0b80000gn/T//.ts.sock.9003
2022-02-08T10:34:38,564 [INFO ] W-9003-vgg_1.0 org.pytorch.serve.wlm.WorkerThread - Connecting to: /var/folders/8k/143d3l61349fwzr3qdc4_0b80000gn/T//.ts.sock.9003
2022-02-08T10:34:38,561 [INFO ] W-9002-vgg_1.0 org.pytorch.serve.wlm.WorkerThread - Connecting to: /var/folders/8k/143d3l61349fwzr3qdc4_0b80000gn/T//.ts.sock.9002
2022-02-08T10:34:38,565 [INFO ] W-9000-vgg_1.0 org.pytorch.serve.wlm.WorkerThread - Connecting to: /var/folders/8k/143d3l61349fwzr3qdc4_0b80000gn/T//.ts.sock.9000
2022-02-08T10:34:38,565 [INFO ] W-9000-vgg_1.0 org.pytorch.serve.wlm.WorkerThread - Connecting to: /var/folders/8k/143d3l61349fwzr3qdc4_0b80000gn/T//.ts.sock.9000
2022-02-08T10:34:38,594 [INFO ] W-9000-vgg_1.0-stdout MODEL_LOG - Connection accepted: /var/folders/8k/143d3l61349fwzr3qdc4_0b80000gn/T//.ts.sock.9000.
2022-02-08T10:34:38,595 [INFO ] W-9001-vgg_1.0-stdout MODEL_LOG - Connection accepted: /var/folders/8k/143d3l61349fwzr3qdc4_0b80000gn/T//.ts.sock.9001.
2022-02-08T10:34:38,594 [INFO ] W-9003-vgg_1.0-stdout MODEL_LOG - Connection accepted: /var/folders/8k/143d3l61349fwzr3qdc4_0b80000gn/T//.ts.sock.9003.
2022-02-08T10:34:38,594 [INFO ] W-9002-vgg_1.0-stdout MODEL_LOG - Connection accepted: /var/folders/8k/143d3l61349fwzr3qdc4_0b80000gn/T//.ts.sock.9002.
2022-02-08T10:34:38,604 [INFO ] W-9003-vgg_1.0 org.pytorch.serve.wlm.WorkerThread - Flushing req. to backend at: 1644312878604
2022-02-08T10:34:38,604 [INFO ] W-9002-vgg_1.0 org.pytorch.serve.wlm.WorkerThread - Flushing req. to backend at: 1644312878604
2022-02-08T10:34:38,604 [INFO ] W-9000-vgg_1.0 org.pytorch.serve.wlm.WorkerThread - Flushing req. to backend at: 1644312878604
2022-02-08T10:34:38,604 [INFO ] W-9001-vgg_1.0 org.pytorch.serve.wlm.WorkerThread - Flushing req. to backend at: 1644312878604
2022-02-08T10:34:38,604 [INFO ] W-9002-vgg_1.0 org.pytorch.serve.wlm.WorkerThread - Flushing req. to backend at: 1644312878604
2022-02-08T10:34:38,604 [INFO ] W-9001-vgg_1.0 org.pytorch.serve.wlm.WorkerThread - Flushing req. to backend at: 1644312878604
2022-02-08T10:34:38,604 [INFO ] W-9000-vgg_1.0 org.pytorch.serve.wlm.WorkerThread - Flushing req. to backend at: 1644312878604
2022-02-08T10:34:38,604 [INFO ] W-9003-vgg_1.0 org.pytorch.serve.wlm.WorkerThread - Flushing req. to backend at: 1644312878604
2022-02-08T10:34:38,777 [INFO ] W-9003-vgg_1.0-stdout MODEL_LOG - model_name: vgg, batchSize: 1
2022-02-08T10:34:38,777 [INFO ] W-9001-vgg_1.0-stdout MODEL_LOG - model_name: vgg, batchSize: 1
2022-02-08T10:34:38,777 [INFO ] W-9002-vgg_1.0-stdout MODEL_LOG - model_name: vgg, batchSize: 1
2022-02-08T10:34:38,778 [INFO ] W-9000-vgg_1.0-stdout MODEL_LOG - model_name: vgg, batchSize: 1
2022-02-08T10:35:08,126 [INFO ] W-9003-vgg_1.0 org.pytorch.serve.wlm.WorkerThread - Backend response time: 29347
2022-02-08T10:35:08,126 [INFO ] W-9000-vgg_1.0 org.pytorch.serve.wlm.WorkerThread - Backend response time: 29347
2022-02-08T10:35:08,126 [INFO ] W-9001-vgg_1.0 org.pytorch.serve.wlm.WorkerThread - Backend response time: 29347
2022-02-08T10:35:08,126 [INFO ] W-9002-vgg_1.0 org.pytorch.serve.wlm.WorkerThread - Backend response time: 29347
2022-02-08T10:35:08,126 [INFO ] W-9003-vgg_1.0 org.pytorch.serve.wlm.WorkerThread - Backend response time: 29347
2022-02-08T10:35:08,126 [INFO ] W-9002-vgg_1.0 org.pytorch.serve.wlm.WorkerThread - Backend response time: 29347
2022-02-08T10:35:08,126 [INFO ] W-9000-vgg_1.0 org.pytorch.serve.wlm.WorkerThread - Backend response time: 29347
2022-02-08T10:35:08,126 [INFO ] W-9001-vgg_1.0 org.pytorch.serve.wlm.WorkerThread - Backend response time: 29347
2022-02-08T10:35:08,137 [DEBUG] W-9000-vgg_1.0 org.pytorch.serve.wlm.WorkerThread - W-9000-vgg_1.0 State change WORKER_STARTED -> WORKER_MODEL_LOADED
2022-02-08T10:35:08,137 [DEBUG] W-9003-vgg_1.0 org.pytorch.serve.wlm.WorkerThread - W-9003-vgg_1.0 State change WORKER_STARTED -> WORKER_MODEL_LOADED
2022-02-08T10:35:08,137 [DEBUG] W-9002-vgg_1.0 org.pytorch.serve.wlm.WorkerThread - W-9002-vgg_1.0 State change WORKER_STARTED -> WORKER_MODEL_LOADED
2022-02-08T10:35:08,137 [DEBUG] W-9001-vgg_1.0 org.pytorch.serve.wlm.WorkerThread - W-9001-vgg_1.0 State change WORKER_STARTED -> WORKER_MODEL_LOADED
2022-02-08T10:35:08,137 [DEBUG] W-9000-vgg_1.0 org.pytorch.serve.wlm.WorkerThread - W-9000-vgg_1.0 State change WORKER_STARTED -> WORKER_MODEL_LOADED
2022-02-08T10:35:08,137 [DEBUG] W-9003-vgg_1.0 org.pytorch.serve.wlm.WorkerThread - W-9003-vgg_1.0 State change WORKER_STARTED -> WORKER_MODEL_LOADED
2022-02-08T10:35:08,137 [DEBUG] W-9002-vgg_1.0 org.pytorch.serve.wlm.WorkerThread - W-9002-vgg_1.0 State change WORKER_STARTED -> WORKER_MODEL_LOADED
2022-02-08T10:35:08,137 [DEBUG] W-9001-vgg_1.0 org.pytorch.serve.wlm.WorkerThread - W-9001-vgg_1.0 State change WORKER_STARTED -> WORKER_MODEL_LOADED
2022-02-08T10:35:08,138 [INFO ] W-9000-vgg_1.0 TS_METRICS - W-9000-vgg_1.0.ms:41733|#Level:Host|#hostname:macbook-air-de-oscar.home,timestamp:1644312908
2022-02-08T10:35:08,138 [INFO ] W-9001-vgg_1.0 TS_METRICS - W-9001-vgg_1.0.ms:41724|#Level:Host|#hostname:macbook-air-de-oscar.home,timestamp:1644312908
2022-02-08T10:35:08,151 [INFO ] W-9001-vgg_1.0 TS_METRICS - WorkerThreadTime.ms:200|#Level:Host|#hostname:macbook-air-de-oscar.home,timestamp:null
2022-02-08T10:35:08,138 [INFO ] W-9002-vgg_1.0 TS_METRICS - W-9002-vgg_1.0.ms:41723|#Level:Host|#hostname:macbook-air-de-oscar.home,timestamp:1644312908
2022-02-08T10:35:08,151 [INFO ] W-9002-vgg_1.0 TS_METRICS - WorkerThreadTime.ms:200|#Level:Host|#hostname:macbook-air-de-oscar.home,timestamp:null
2022-02-08T10:35:08,138 [INFO ] W-9003-vgg_1.0 TS_METRICS - W-9003-vgg_1.0.ms:41722|#Level:Host|#hostname:macbook-air-de-oscar.home,timestamp:1644312908
2022-02-08T10:35:08,152 [INFO ] W-9003-vgg_1.0 TS_METRICS - WorkerThreadTime.ms:201|#Level:Host|#hostname:macbook-air-de-oscar.home,timestamp:null
2022-02-08T10:35:08,151 [INFO ] W-9000-vgg_1.0 TS_METRICS - WorkerThreadTime.ms:200|#Level:Host|#hostname:macbook-air-de-oscar.home,timestamp:null
2022-02-08T10:35:08,153 [INFO ] W-9001-vgg_1.0 org.pytorch.serve.wlm.WorkerThread - Flushing req. to backend at: 1644312908153
2022-02-08T10:35:08,153 [INFO ] W-9001-vgg_1.0 org.pytorch.serve.wlm.WorkerThread - Flushing req. to backend at: 1644312908153
2022-02-08T10:35:11,442 [INFO ] W-9001-vgg_1.0-stdout MODEL_LOG - Backend received inference at: 1644312908
2022-02-08T10:35:11,785 [INFO ] W-9002-vgg_1.0 org.pytorch.serve.wlm.WorkerThread - Flushing req. to backend at: 1644312911785
2022-02-08T10:35:11,785 [INFO ] W-9002-vgg_1.0 org.pytorch.serve.wlm.WorkerThread - Flushing req. to backend at: 1644312911785
2022-02-08T10:35:11,824 [INFO ] W-9002-vgg_1.0-stdout MODEL_LOG - Backend received inference at: 1644312911
2022-02-08T10:35:12,898 [INFO ] W-9002-vgg_1.0 org.pytorch.serve.wlm.WorkerThread - Backend response time: 1110
2022-02-08T10:35:12,898 [INFO ] W-9002-vgg_1.0 org.pytorch.serve.wlm.WorkerThread - Backend response time: 1110
2022-02-08T10:35:12,898 [INFO ] W-9001-vgg_1.0 org.pytorch.serve.wlm.WorkerThread - Backend response time: 4729
2022-02-08T10:35:12,898 [INFO ] W-9001-vgg_1.0 org.pytorch.serve.wlm.WorkerThread - Backend response time: 4729
2022-02-08T10:35:12,911 [INFO ] W-9002-vgg_1.0 ACCESS_LOG - /0:0:0:0:0:0:0:1%0:49846 "POST /predictions/vgg HTTP/1.1" 200 1155
2022-02-08T10:35:12,907 [INFO ] W-9001-vgg_1.0 ACCESS_LOG - /0:0:0:0:0:0:0:1%0:49844 "POST /predictions/vgg HTTP/1.1" 200 26843
2022-02-08T10:35:12,913 [INFO ] W-9002-vgg_1.0 TS_METRICS - Requests2XX.Count:1|#Level:Host|#hostname:macbook-air-de-oscar.home,timestamp:null
2022-02-08T10:35:12,900 [INFO ] W-9002-vgg_1.0-stdout MODEL_METRICS - HandlerTime.Milliseconds:1046.53|#ModelName:vgg,Level:Model|#hostname:macbook-air-de-oscar.home,requestID:94dc9717-10b1-4d6b-bef3-1026ea9ed222,timestamp:1644312912
2022-02-08T10:35:12,902 [INFO ] W-9001-vgg_1.0-stdout MODEL_METRICS - HandlerTime.Milliseconds:1429.09|#ModelName:vgg,Level:Model|#hostname:macbook-air-de-oscar.home,requestID:14814099-bcfc-4eb6-9d22-4871c627281e,timestamp:1644312912
2022-02-08T10:35:12,914 [DEBUG] W-9002-vgg_1.0 org.pytorch.serve.job.Job - Waiting time ns: 451846, Backend time ns: 1129334544
2022-02-08T10:35:12,914 [DEBUG] W-9002-vgg_1.0 org.pytorch.serve.job.Job - Waiting time ns: 451846, Backend time ns: 1129334544
2022-02-08T10:35:12,915 [INFO ] W-9001-vgg_1.0-stdout MODEL_METRICS - PredictionTime.Milliseconds:1430.77|#ModelName:vgg,Level:Model|#hostname:macbook-air-de-oscar.home,requestID:14814099-bcfc-4eb6-9d22-4871c627281e,timestamp:1644312912
2022-02-08T10:35:12,914 [INFO ] W-9001-vgg_1.0 TS_METRICS - Requests2XX.Count:1|#Level:Host|#hostname:macbook-air-de-oscar.home,timestamp:null
2022-02-08T10:35:12,916 [DEBUG] W-9001-vgg_1.0 org.pytorch.serve.job.Job - Waiting time ns: 22035072488, Backend time ns: 4762857974
2022-02-08T10:35:12,916 [DEBUG] W-9001-vgg_1.0 org.pytorch.serve.job.Job - Waiting time ns: 22035072488, Backend time ns: 4762857974
2022-02-08T10:35:12,915 [INFO ] W-9002-vgg_1.0 TS_METRICS - QueueTime.ms:0|#Level:Host|#hostname:macbook-air-de-oscar.home,timestamp:null
2022-02-08T10:35:12,916 [INFO ] W-9001-vgg_1.0 TS_METRICS - QueueTime.ms:22035|#Level:Host|#hostname:macbook-air-de-oscar.home,timestamp:null
2022-02-08T10:35:12,916 [INFO ] W-9001-vgg_1.0 TS_METRICS - WorkerThreadTime.ms:34|#Level:Host|#hostname:macbook-air-de-oscar.home,timestamp:null
2022-02-08T10:35:12,914 [INFO ] W-9002-vgg_1.0-stdout MODEL_METRICS - PredictionTime.Milliseconds:1047.49|#ModelName:vgg,Level:Model|#hostname:macbook-air-de-oscar.home,requestID:94dc9717-10b1-4d6b-bef3-1026ea9ed222,timestamp:1644312912
2022-02-08T10:35:12,917 [INFO ] W-9002-vgg_1.0 TS_METRICS - WorkerThreadTime.ms:22|#Level:Host|#hostname:macbook-air-de-oscar.home,timestamp:null
2022-02-08T10:35:14,471 [INFO ] W-9003-vgg_1.0 org.pytorch.serve.wlm.WorkerThread - Flushing req. to backend at: 1644312914471
2022-02-08T10:35:14,471 [INFO ] W-9003-vgg_1.0 org.pytorch.serve.wlm.WorkerThread - Flushing req. to backend at: 1644312914471
2022-02-08T10:35:14,503 [INFO ] W-9003-vgg_1.0-stdout MODEL_LOG - Backend received inference at: 1644312914
2022-02-08T10:35:15,509 [INFO ] W-9003-vgg_1.0 org.pytorch.serve.wlm.WorkerThread - Backend response time: 1034
2022-02-08T10:35:15,509 [INFO ] W-9003-vgg_1.0 org.pytorch.serve.wlm.WorkerThread - Backend response time: 1034
2022-02-08T10:35:15,510 [INFO ] W-9003-vgg_1.0 ACCESS_LOG - /0:0:0:0:0:0:0:1%0:49847 "POST /predictions/vgg HTTP/1.1" 200 1040
2022-02-08T10:35:15,511 [INFO ] W-9003-vgg_1.0 TS_METRICS - Requests2XX.Count:1|#Level:Host|#hostname:macbook-air-de-oscar.home,timestamp:null
2022-02-08T10:35:15,511 [DEBUG] W-9003-vgg_1.0 org.pytorch.serve.job.Job - Waiting time ns: 111800, Backend time ns: 1040707991
2022-02-08T10:35:15,511 [DEBUG] W-9003-vgg_1.0 org.pytorch.serve.job.Job - Waiting time ns: 111800, Backend time ns: 1040707991
2022-02-08T10:35:15,512 [INFO ] W-9003-vgg_1.0 TS_METRICS - QueueTime.ms:0|#Level:Host|#hostname:macbook-air-de-oscar.home,timestamp:null
2022-02-08T10:35:15,513 [INFO ] W-9003-vgg_1.0 TS_METRICS - WorkerThreadTime.ms:8|#Level:Host|#hostname:macbook-air-de-oscar.home,timestamp:null
2022-02-08T10:35:15,516 [INFO ] W-9003-vgg_1.0-stdout MODEL_METRICS - HandlerTime.Milliseconds:989.99|#ModelName:vgg,Level:Model|#hostname:macbook-air-de-oscar.home,requestID:111526b6-b552-488f-89f3-a2bee0ea5e24,timestamp:1644312915
2022-02-08T10:35:15,517 [INFO ] W-9003-vgg_1.0-stdout MODEL_METRICS - PredictionTime.Milliseconds:990.44|#ModelName:vgg,Level:Model|#hostname:macbook-air-de-oscar.home,requestID:111526b6-b552-488f-89f3-a2bee0ea5e24,timestamp:1644312915
2022-02-08T10:35:25,609 [INFO ] W-9000-vgg_1.0 org.pytorch.serve.wlm.WorkerThread - Flushing req. to backend at: 1644312925609
2022-02-08T10:35:25,609 [INFO ] W-9000-vgg_1.0 org.pytorch.serve.wlm.WorkerThread - Flushing req. to backend at: 1644312925609
2022-02-08T10:35:25,622 [INFO ] W-9000-vgg_1.0-stdout MODEL_LOG - Backend received inference at: 1644312925
2022-02-08T10:35:26,420 [INFO ] W-9000-vgg_1.0 org.pytorch.serve.wlm.WorkerThread - Backend response time: 809
2022-02-08T10:35:26,420 [INFO ] W-9000-vgg_1.0 org.pytorch.serve.wlm.WorkerThread - Backend response time: 809
2022-02-08T10:35:26,421 [INFO ] W-9000-vgg_1.0 ACCESS_LOG - /0:0:0:0:0:0:0:1%0:49856 "POST /predictions/vgg HTTP/1.1" 200 812
2022-02-08T10:35:26,421 [INFO ] W-9000-vgg_1.0 TS_METRICS - Requests2XX.Count:1|#Level:Host|#hostname:macbook-air-de-oscar.home,timestamp:null
2022-02-08T10:35:26,422 [DEBUG] W-9000-vgg_1.0 org.pytorch.serve.job.Job - Waiting time ns: 110928, Backend time ns: 812625092
2022-02-08T10:35:26,422 [DEBUG] W-9000-vgg_1.0 org.pytorch.serve.job.Job - Waiting time ns: 110928, Backend time ns: 812625092
2022-02-08T10:35:26,422 [INFO ] W-9000-vgg_1.0 TS_METRICS - QueueTime.ms:0|#Level:Host|#hostname:macbook-air-de-oscar.home,timestamp:null
2022-02-08T10:35:26,422 [INFO ] W-9000-vgg_1.0 TS_METRICS - WorkerThreadTime.ms:4|#Level:Host|#hostname:macbook-air-de-oscar.home,timestamp:null
2022-02-08T10:35:26,423 [INFO ] W-9000-vgg_1.0-stdout MODEL_METRICS - HandlerTime.Milliseconds:785.3|#ModelName:vgg,Level:Model|#hostname:macbook-air-de-oscar.home,requestID:0b3e80fb-e3dd-43a0-9898-680ce5817c82,timestamp:1644312926
2022-02-08T10:35:26,424 [INFO ] W-9000-vgg_1.0-stdout MODEL_METRICS - PredictionTime.Milliseconds:785.92|#ModelName:vgg,Level:Model|#hostname:macbook-air-de-oscar.home,requestID:0b3e80fb-e3dd-43a0-9898-680ce5817c82,timestamp:1644312926
2022-02-08T10:35:28,932 [INFO ] pool-3-thread-1 TS_METRICS - CPUUtilization.Percent:50.0|#Level:Host|#hostname:macbook-air-de-oscar.home,timestamp:1644312928
2022-02-08T10:35:28,933 [INFO ] pool-3-thread-1 TS_METRICS - DiskAvailable.Gigabytes:0.09299468994140625|#Level:Host|#hostname:macbook-air-de-oscar.home,timestamp:1644312928
2022-02-08T10:35:28,933 [INFO ] pool-3-thread-1 TS_METRICS - DiskUsage.Gigabytes:20.880626678466797|#Level:Host|#hostname:macbook-air-de-oscar.home,timestamp:1644312928
2022-02-08T10:35:28,934 [INFO ] pool-3-thread-1 TS_METRICS - DiskUtilization.Percent:99.6|#Level:Host|#hostname:macbook-air-de-oscar.home,timestamp:1644312928
2022-02-08T10:35:28,934 [INFO ] pool-3-thread-1 TS_METRICS - MemoryAvailable.Megabytes:3818.05078125|#Level:Host|#hostname:macbook-air-de-oscar.home,timestamp:1644312928
2022-02-08T10:35:28,934 [INFO ] pool-3-thread-1 TS_METRICS - MemoryUsed.Megabytes:2652.8359375|#Level:Host|#hostname:macbook-air-de-oscar.home,timestamp:1644312928
2022-02-08T10:35:28,935 [INFO ] pool-3-thread-1 TS_METRICS - MemoryUtilization.Percent:53.4|#Level:Host|#hostname:macbook-air-de-oscar.home,timestamp:1644312928
2022-02-08T10:36:28,710 [INFO ] pool-3-thread-1 TS_METRICS - CPUUtilization.Percent:100.0|#Level:Host|#hostname:macbook-air-de-oscar.home,timestamp:1644312988
2022-02-08T10:36:28,773 [INFO ] pool-3-thread-1 TS_METRICS - DiskAvailable.Gigabytes:0.02191925048828125|#Level:Host|#hostname:macbook-air-de-oscar.home,timestamp:1644312988
2022-02-08T10:36:28,794 [INFO ] pool-3-thread-1 TS_METRICS - DiskUsage.Gigabytes:20.880626678466797|#Level:Host|#hostname:macbook-air-de-oscar.home,timestamp:1644312988
2022-02-08T10:36:28,812 [INFO ] pool-3-thread-1 TS_METRICS - DiskUtilization.Percent:99.9|#Level:Host|#hostname:macbook-air-de-oscar.home,timestamp:1644312988
2022-02-08T10:36:28,829 [INFO ] pool-3-thread-1 TS_METRICS - MemoryAvailable.Megabytes:3156.69921875|#Level:Host|#hostname:macbook-air-de-oscar.home,timestamp:1644312988
2022-02-08T10:36:28,852 [INFO ] pool-3-thread-1 TS_METRICS - MemoryUsed.Megabytes:3237.7109375|#Level:Host|#hostname:macbook-air-de-oscar.home,timestamp:1644312988
2022-02-08T10:36:28,867 [INFO ] pool-3-thread-1 TS_METRICS - MemoryUtilization.Percent:61.5|#Level:Host|#hostname:macbook-air-de-oscar.home,timestamp:1644312988
