2022-02-08T10:34:28,513 - CPUUtilization.Percent:0.0|#Level:Host|#hostname:macbook-air-de-oscar.home,timestamp:1644312868
2022-02-08T10:34:28,518 - DiskAvailable.Gigabytes:0.5964736938476562|#Level:Host|#hostname:macbook-air-de-oscar.home,timestamp:1644312868
2022-02-08T10:34:28,518 - DiskUsage.Gigabytes:20.880626678466797|#Level:Host|#hostname:macbook-air-de-oscar.home,timestamp:1644312868
2022-02-08T10:34:28,519 - DiskUtilization.Percent:97.2|#Level:Host|#hostname:macbook-air-de-oscar.home,timestamp:1644312868
2022-02-08T10:34:28,520 - MemoryAvailable.Megabytes:3028.08203125|#Level:Host|#hostname:macbook-air-de-oscar.home,timestamp:1644312868
2022-02-08T10:34:28,521 - MemoryUsed.Megabytes:4274.5234375|#Level:Host|#hostname:macbook-air-de-oscar.home,timestamp:1644312868
2022-02-08T10:34:28,522 - MemoryUtilization.Percent:63.0|#Level:Host|#hostname:macbook-air-de-oscar.home,timestamp:1644312868
2022-02-08T10:35:08,138 - W-9000-vgg_1.0.ms:41733|#Level:Host|#hostname:macbook-air-de-oscar.home,timestamp:1644312908
2022-02-08T10:35:08,138 - W-9001-vgg_1.0.ms:41724|#Level:Host|#hostname:macbook-air-de-oscar.home,timestamp:1644312908
2022-02-08T10:35:08,151 - WorkerThreadTime.ms:200|#Level:Host|#hostname:macbook-air-de-oscar.home,timestamp:null
2022-02-08T10:35:08,138 - W-9002-vgg_1.0.ms:41723|#Level:Host|#hostname:macbook-air-de-oscar.home,timestamp:1644312908
2022-02-08T10:35:08,151 - WorkerThreadTime.ms:200|#Level:Host|#hostname:macbook-air-de-oscar.home,timestamp:null
2022-02-08T10:35:08,138 - W-9003-vgg_1.0.ms:41722|#Level:Host|#hostname:macbook-air-de-oscar.home,timestamp:1644312908
2022-02-08T10:35:08,152 - WorkerThreadTime.ms:201|#Level:Host|#hostname:macbook-air-de-oscar.home,timestamp:null
2022-02-08T10:35:08,151 - WorkerThreadTime.ms:200|#Level:Host|#hostname:macbook-air-de-oscar.home,timestamp:null
2022-02-08T10:35:12,913 - Requests2XX.Count:1|#Level:Host|#hostname:macbook-air-de-oscar.home,timestamp:null
2022-02-08T10:35:12,914 - Requests2XX.Count:1|#Level:Host|#hostname:macbook-air-de-oscar.home,timestamp:null
2022-02-08T10:35:12,915 - QueueTime.ms:0|#Level:Host|#hostname:macbook-air-de-oscar.home,timestamp:null
2022-02-08T10:35:12,916 - QueueTime.ms:22035|#Level:Host|#hostname:macbook-air-de-oscar.home,timestamp:null
2022-02-08T10:35:12,916 - WorkerThreadTime.ms:34|#Level:Host|#hostname:macbook-air-de-oscar.home,timestamp:null
2022-02-08T10:35:12,917 - WorkerThreadTime.ms:22|#Level:Host|#hostname:macbook-air-de-oscar.home,timestamp:null
2022-02-08T10:35:15,511 - Requests2XX.Count:1|#Level:Host|#hostname:macbook-air-de-oscar.home,timestamp:null
2022-02-08T10:35:15,512 - QueueTime.ms:0|#Level:Host|#hostname:macbook-air-de-oscar.home,timestamp:null
2022-02-08T10:35:15,513 - WorkerThreadTime.ms:8|#Level:Host|#hostname:macbook-air-de-oscar.home,timestamp:null
2022-02-08T10:35:26,421 - Requests2XX.Count:1|#Level:Host|#hostname:macbook-air-de-oscar.home,timestamp:null
2022-02-08T10:35:26,422 - QueueTime.ms:0|#Level:Host|#hostname:macbook-air-de-oscar.home,timestamp:null
2022-02-08T10:35:26,422 - WorkerThreadTime.ms:4|#Level:Host|#hostname:macbook-air-de-oscar.home,timestamp:null
2022-02-08T10:35:28,932 - CPUUtilization.Percent:50.0|#Level:Host|#hostname:macbook-air-de-oscar.home,timestamp:1644312928
2022-02-08T10:35:28,933 - DiskAvailable.Gigabytes:0.09299468994140625|#Level:Host|#hostname:macbook-air-de-oscar.home,timestamp:1644312928
2022-02-08T10:35:28,933 - DiskUsage.Gigabytes:20.880626678466797|#Level:Host|#hostname:macbook-air-de-oscar.home,timestamp:1644312928
2022-02-08T10:35:28,934 - DiskUtilization.Percent:99.6|#Level:Host|#hostname:macbook-air-de-oscar.home,timestamp:1644312928
2022-02-08T10:35:28,934 - MemoryAvailable.Megabytes:3818.05078125|#Level:Host|#hostname:macbook-air-de-oscar.home,timestamp:1644312928
2022-02-08T10:35:28,934 - MemoryUsed.Megabytes:2652.8359375|#Level:Host|#hostname:macbook-air-de-oscar.home,timestamp:1644312928
2022-02-08T10:35:28,935 - MemoryUtilization.Percent:53.4|#Level:Host|#hostname:macbook-air-de-oscar.home,timestamp:1644312928
